created virtual environment CPython3.8.10.final.0-64 in 2582ms
  creator CPython3Posix(dest=/home/baha2501/MESH-env, clear=False, global=False)
  seeder FromAppData(download=False, pip=latest, setuptools=latest, wheel=latest, via=copy, app_data_dir=/home/baha2501/.local/share/virtualenv/seed-app-data/v1.0.1)
  activators BashActivator,CShellActivator,FishActivator,PowerShellActivator,PythonActivator,XonshActivator
Ignoring pip: markers 'python_version < "3"' don't match your environment
Looking in links: /cvmfs/soft.computecanada.ca/custom/python/wheelhouse/gentoo/avx2, /cvmfs/soft.computecanada.ca/custom/python/wheelhouse/gentoo/generic, /cvmfs/soft.computecanada.ca/custom/python/wheelhouse/generic
Processing /cvmfs/soft.computecanada.ca/custom/python/wheelhouse/generic/pip-22.1.2+computecanada-py3-none-any.whl
Installing collected packages: pip
  Attempting uninstall: pip
    Found existing installation: pip 20.0.2
    Uninstalling pip-20.0.2:
      Successfully uninstalled pip-20.0.2
Successfully installed pip-22.1.2+computecanada
Looking in links: /cvmfs/soft.computecanada.ca/custom/python/wheelhouse/gentoo/avx2, /cvmfs/soft.computecanada.ca/custom/python/wheelhouse/gentoo/generic, /cvmfs/soft.computecanada.ca/custom/python/wheelhouse/generic
Processing /cvmfs/soft.computecanada.ca/custom/python/wheelhouse/gentoo/avx2/netCDF4-1.5.8+computecanada-cp38-cp38-linux_x86_64.whl
Requirement already satisfied: numpy>=1.21 in /cvmfs/soft.computecanada.ca/easybuild/software/2020/avx2/Core/scipy-stack/2022a/lib/python3.8/site-packages (from netcdf4) (1.22.2+computecanada)
Processing /cvmfs/soft.computecanada.ca/custom/python/wheelhouse/gentoo/avx2/cftime-1.6.2+computecanada-cp38-cp38-linux_x86_64.whl
Installing collected packages: cftime, netcdf4
Successfully installed cftime-1.6.2+computecanada netcdf4-1.5.8+computecanada
Looking in links: /cvmfs/soft.computecanada.ca/custom/python/wheelhouse/gentoo/avx2, /cvmfs/soft.computecanada.ca/custom/python/wheelhouse/gentoo/generic, /cvmfs/soft.computecanada.ca/custom/python/wheelhouse/generic
Processing /cvmfs/soft.computecanada.ca/custom/python/wheelhouse/generic/h5netcdf-0.7.4+computecanada-py2.py3-none-any.whl
Requirement already satisfied: h5py in /cvmfs/soft.computecanada.ca/easybuild/software/2020/avx2/Compiler/gcc9/hdf5/1.10.6/lib/python3.8/site-packages/h5py-3.1.0-py3.8-linux-x86_64.egg (from h5netcdf) (3.1.0)
Requirement already satisfied: numpy>=1.17.5 in /cvmfs/soft.computecanada.ca/easybuild/software/2020/avx2/Core/scipy-stack/2022a/lib/python3.8/site-packages (from h5py->h5netcdf) (1.22.2+computecanada)
Installing collected packages: h5netcdf
Successfully installed h5netcdf-0.7.4+computecanada
Looking in links: /cvmfs/soft.computecanada.ca/custom/python/wheelhouse/gentoo/avx2, /cvmfs/soft.computecanada.ca/custom/python/wheelhouse/gentoo/generic, /cvmfs/soft.computecanada.ca/custom/python/wheelhouse/generic
Processing /cvmfs/soft.computecanada.ca/custom/python/wheelhouse/generic/xarray-2022.6.0+computecanada-py3-none-any.whl
Requirement already satisfied: numpy>=1.19 in /cvmfs/soft.computecanada.ca/easybuild/software/2020/avx2/Core/scipy-stack/2022a/lib/python3.8/site-packages (from xarray) (1.22.2+computecanada)
Requirement already satisfied: packaging>=20.0 in /cvmfs/soft.computecanada.ca/easybuild/software/2020/avx2/Core/scipy-stack/2022a/lib/python3.8/site-packages (from xarray) (21.3+computecanada)
Requirement already satisfied: pandas>=1.2 in /cvmfs/soft.computecanada.ca/easybuild/software/2020/avx2/Core/scipy-stack/2022a/lib/python3.8/site-packages (from xarray) (1.4.0+computecanada)
Requirement already satisfied: pyparsing!=3.0.5,>=2.0.2 in /cvmfs/soft.computecanada.ca/easybuild/software/2020/avx2/Core/scipy-stack/2022a/lib/python3.8/site-packages (from packaging>=20.0->xarray) (3.0.7+computecanada)
Requirement already satisfied: pytz>=2020.1 in /cvmfs/soft.computecanada.ca/easybuild/software/2020/avx2/Core/scipy-stack/2022a/lib/python3.8/site-packages (from pandas>=1.2->xarray) (2021.3+computecanada)
Requirement already satisfied: python-dateutil>=2.8.1 in /cvmfs/soft.computecanada.ca/easybuild/software/2020/avx2/Core/ipykernel/2022a/lib/python3.8/site-packages (from pandas>=1.2->xarray) (2.8.2+computecanada)
Requirement already satisfied: six>=1.5 in /cvmfs/soft.computecanada.ca/easybuild/software/2020/avx2/Core/ipykernel/2022a/lib/python3.8/site-packages (from python-dateutil>=2.8.1->pandas>=1.2->xarray) (1.16.0+computecanada)
Installing collected packages: xarray
Successfully installed xarray-2022.6.0+computecanada
Looking in links: /cvmfs/soft.computecanada.ca/custom/python/wheelhouse/gentoo/avx2, /cvmfs/soft.computecanada.ca/custom/python/wheelhouse/gentoo/generic, /cvmfs/soft.computecanada.ca/custom/python/wheelhouse/generic
Processing /cvmfs/soft.computecanada.ca/custom/python/wheelhouse/generic/geopandas-0.11.1+computecanada-py3-none-any.whl
Requirement already satisfied: pandas>=1.0.0 in /cvmfs/soft.computecanada.ca/easybuild/software/2020/avx2/Core/scipy-stack/2022a/lib/python3.8/site-packages (from geopandas) (1.4.0+computecanada)
Requirement already satisfied: pyproj>=2.6.1.post1 in /cvmfs/soft.computecanada.ca/easybuild/software/2020/avx2/Core/proj/9.0.1/lib/python3.8/site-packages/pyproj-3.3.0-py3.8-linux-x86_64.egg (from geopandas) (3.3.0)
Requirement already satisfied: packaging in /cvmfs/soft.computecanada.ca/easybuild/software/2020/avx2/Core/scipy-stack/2022a/lib/python3.8/site-packages (from geopandas) (21.3+computecanada)
Processing /cvmfs/soft.computecanada.ca/custom/python/wheelhouse/gentoo/avx2/Fiona-1.8.21+computecanada-cp38-cp38-linux_x86_64.whl
Processing /cvmfs/soft.computecanada.ca/custom/python/wheelhouse/gentoo/avx2/Shapely-1.8.2+computecanada-cp38-cp38-linux_x86_64.whl
Processing /cvmfs/soft.computecanada.ca/custom/python/wheelhouse/generic/munch-2.5.0+computecanada-py2.py3-none-any.whl
Requirement already satisfied: six>=1.7 in /cvmfs/soft.computecanada.ca/easybuild/software/2020/avx2/Core/ipykernel/2022a/lib/python3.8/site-packages (from fiona>=1.8->geopandas) (1.16.0+computecanada)
Requirement already satisfied: certifi in /cvmfs/soft.computecanada.ca/easybuild/software/2020/avx2/Core/scipy-stack/2022a/lib/python3.8/site-packages (from fiona>=1.8->geopandas) (2021.10.8+computecanada)
Processing /cvmfs/soft.computecanada.ca/custom/python/wheelhouse/generic/cligj-0.7.2+computecanada-py3-none-any.whl
Requirement already satisfied: setuptools in /home/baha2501/MESH-env/lib/python3.8/site-packages (from fiona>=1.8->geopandas) (46.1.3)
Requirement already satisfied: attrs>=17 in /cvmfs/soft.computecanada.ca/easybuild/software/2020/avx2/Core/scipy-stack/2022a/lib/python3.8/site-packages (from fiona>=1.8->geopandas) (21.4.0+computecanada)
Processing /cvmfs/soft.computecanada.ca/custom/python/wheelhouse/generic/click_plugins-1.1.1+computecanada-py2.py3-none-any.whl
Processing /cvmfs/soft.computecanada.ca/custom/python/wheelhouse/generic/click-8.1.3+computecanada-py3-none-any.whl
Requirement already satisfied: python-dateutil>=2.8.1 in /cvmfs/soft.computecanada.ca/easybuild/software/2020/avx2/Core/ipykernel/2022a/lib/python3.8/site-packages (from pandas>=1.0.0->geopandas) (2.8.2+computecanada)
Requirement already satisfied: pytz>=2020.1 in /cvmfs/soft.computecanada.ca/easybuild/software/2020/avx2/Core/scipy-stack/2022a/lib/python3.8/site-packages (from pandas>=1.0.0->geopandas) (2021.3+computecanada)
Requirement already satisfied: numpy>=1.21 in /cvmfs/soft.computecanada.ca/easybuild/software/2020/avx2/Core/scipy-stack/2022a/lib/python3.8/site-packages (from pandas>=1.0.0->geopandas) (1.22.2+computecanada)
Requirement already satisfied: pyparsing!=3.0.5,>=2.0.2 in /cvmfs/soft.computecanada.ca/easybuild/software/2020/avx2/Core/scipy-stack/2022a/lib/python3.8/site-packages (from packaging->geopandas) (3.0.7+computecanada)
Installing collected packages: shapely, munch, click, cligj, click-plugins, fiona, geopandas
Successfully installed click-8.1.3+computecanada click-plugins-1.1.1+computecanada cligj-0.7.2+computecanada fiona-1.8.21+computecanada geopandas-0.11.1+computecanada munch-2.5.0+computecanada shapely-1.8.2+computecanada
finished
